<?xml version="1.0" encoding="UTF-8"?>
<coverage generated="1749160371913" clover="3.2.0">
  <project timestamp="1749160371913" name="All files">
    <metrics statements="4775" coveredstatements="2583" conditionals="464" coveredconditionals="357" methods="133" coveredmethods="101" elements="5372" coveredelements="3041" complexity="0" loc="4775" ncloc="4775" packages="7" files="30" classes="30"/>
    <package name="frontend">
      <metrics statements="84" coveredstatements="0" conditionals="2" coveredconditionals="0" methods="2" coveredmethods="0"/>
      <file name="playwright.config.ts" path="/home/jleyva/Documents/Java/Job-Application-Tracker/frontend/playwright.config.ts">
        <metrics statements="31" coveredstatements="0" conditionals="1" coveredconditionals="0" methods="1" coveredmethods="0"/>
        <line num="1" count="0" type="cond" truecount="0" falsecount="1"/>
        <line num="6" count="0" type="stmt"/>
        <line num="7" count="0" type="stmt"/>
        <line num="9" count="0" type="stmt"/>
        <line num="11" count="0" type="stmt"/>
        <line num="13" count="0" type="stmt"/>
        <line num="15" count="0" type="stmt"/>
        <line num="17" count="0" type="stmt"/>
        <line num="18" count="0" type="stmt"/>
        <line num="19" count="0" type="stmt"/>
        <line num="20" count="0" type="stmt"/>
        <line num="21" count="0" type="stmt"/>
        <line num="23" count="0" type="stmt"/>
        <line num="25" count="0" type="stmt"/>
        <line num="28" count="0" type="stmt"/>
        <line num="31" count="0" type="stmt"/>
        <line num="34" count="0" type="stmt"/>
        <line num="35" count="0" type="stmt"/>
        <line num="38" count="0" type="stmt"/>
        <line num="39" count="0" type="stmt"/>
        <line num="40" count="0" type="stmt"/>
        <line num="41" count="0" type="stmt"/>
        <line num="42" count="0" type="stmt"/>
        <line num="74" count="0" type="stmt"/>
        <line num="77" count="0" type="stmt"/>
        <line num="78" count="0" type="stmt"/>
        <line num="79" count="0" type="stmt"/>
        <line num="80" count="0" type="stmt"/>
        <line num="81" count="0" type="stmt"/>
        <line num="82" count="0" type="stmt"/>
        <line num="83" count="0" type="stmt"/>
      </file>
      <file name="tailwind.config.js" path="/home/jleyva/Documents/Java/Job-Application-Tracker/frontend/tailwind.config.js">
        <metrics statements="53" coveredstatements="0" conditionals="1" coveredconditionals="0" methods="1" coveredmethods="0"/>
        <line num="1" count="0" type="cond" truecount="0" falsecount="1"/>
        <line num="2" count="0" type="stmt"/>
        <line num="3" count="0" type="stmt"/>
        <line num="4" count="0" type="stmt"/>
        <line num="5" count="0" type="stmt"/>
        <line num="6" count="0" type="stmt"/>
        <line num="7" count="0" type="stmt"/>
        <line num="8" count="0" type="stmt"/>
        <line num="9" count="0" type="stmt"/>
        <line num="10" count="0" type="stmt"/>
        <line num="11" count="0" type="stmt"/>
        <line num="12" count="0" type="stmt"/>
        <line num="13" count="0" type="stmt"/>
        <line num="14" count="0" type="stmt"/>
        <line num="15" count="0" type="stmt"/>
        <line num="16" count="0" type="stmt"/>
        <line num="17" count="0" type="stmt"/>
        <line num="18" count="0" type="stmt"/>
        <line num="19" count="0" type="stmt"/>
        <line num="20" count="0" type="stmt"/>
        <line num="21" count="0" type="stmt"/>
        <line num="22" count="0" type="stmt"/>
        <line num="23" count="0" type="stmt"/>
        <line num="24" count="0" type="stmt"/>
        <line num="25" count="0" type="stmt"/>
        <line num="26" count="0" type="stmt"/>
        <line num="27" count="0" type="stmt"/>
        <line num="28" count="0" type="stmt"/>
        <line num="29" count="0" type="stmt"/>
        <line num="30" count="0" type="stmt"/>
        <line num="31" count="0" type="stmt"/>
        <line num="32" count="0" type="stmt"/>
        <line num="33" count="0" type="stmt"/>
        <line num="34" count="0" type="stmt"/>
        <line num="35" count="0" type="stmt"/>
        <line num="36" count="0" type="stmt"/>
        <line num="37" count="0" type="stmt"/>
        <line num="38" count="0" type="stmt"/>
        <line num="39" count="0" type="stmt"/>
        <line num="40" count="0" type="stmt"/>
        <line num="41" count="0" type="stmt"/>
        <line num="42" count="0" type="stmt"/>
        <line num="43" count="0" type="stmt"/>
        <line num="44" count="0" type="stmt"/>
        <line num="45" count="0" type="stmt"/>
        <line num="46" count="0" type="stmt"/>
        <line num="47" count="0" type="stmt"/>
        <line num="48" count="0" type="stmt"/>
        <line num="49" count="0" type="stmt"/>
        <line num="50" count="0" type="stmt"/>
        <line num="51" count="0" type="stmt"/>
        <line num="52" count="0" type="stmt"/>
        <line num="53" count="0" type="stmt"/>
      </file>
    </package>
    <package name="frontend.src">
      <metrics statements="100" coveredstatements="79" conditionals="10" coveredconditionals="9" methods="7" coveredmethods="4"/>
      <file name="App.tsx" path="/home/jleyva/Documents/Java/Job-Application-Tracker/frontend/src/App.tsx">
        <metrics statements="91" coveredstatements="79" conditionals="9" coveredconditionals="9" methods="6" coveredmethods="4"/>
        <line num="1" count="1" type="stmt"/>
        <line num="17" count="1" type="cond" truecount="1" falsecount="0"/>
        <line num="18" count="19" type="stmt"/>
        <line num="20" count="19" type="stmt"/>
        <line num="21" count="19" type="stmt"/>
        <line num="22" count="19" type="stmt"/>
        <line num="23" count="19" type="stmt"/>
        <line num="24" count="19" type="stmt"/>
        <line num="26" count="19" type="cond" truecount="2" falsecount="0"/>
        <line num="27" count="19" type="stmt"/>
        <line num="29" count="19" type="stmt"/>
        <line num="32" count="1" type="cond" truecount="1" falsecount="0"/>
        <line num="33" count="12" type="cond" truecount="1" falsecount="0"/>
        <line num="34" count="2" type="stmt"/>
        <line num="35" count="2" type="cond" truecount="1" falsecount="0"/>
        <line num="36" count="10" type="stmt"/>
        <line num="37" count="10" type="stmt"/>
        <line num="40" count="1" type="cond" truecount="1" falsecount="0"/>
        <line num="41" count="4" type="cond" truecount="1" falsecount="0"/>
        <line num="42" count="2" type="stmt"/>
        <line num="43" count="2" type="stmt"/>
        <line num="44" count="2" type="stmt"/>
        <line num="45" count="2" type="stmt"/>
        <line num="48" count="1" type="cond" truecount="1" falsecount="0"/>
        <line num="49" count="17" type="stmt"/>
        <line num="50" count="17" type="stmt"/>
        <line num="51" count="17" type="stmt"/>
        <line num="52" count="17" type="stmt"/>
        <line num="53" count="17" type="stmt"/>
        <line num="54" count="17" type="stmt"/>
        <line num="55" count="17" type="stmt"/>
        <line num="56" count="17" type="stmt"/>
        <line num="57" count="17" type="stmt"/>
        <line num="58" count="17" type="stmt"/>
        <line num="59" count="17" type="stmt"/>
        <line num="60" count="17" type="stmt"/>
        <line num="62" count="17" type="stmt"/>
        <line num="63" count="17" type="stmt"/>
        <line num="64" count="17" type="stmt"/>
        <line num="65" count="17" type="stmt"/>
        <line num="66" count="17" type="stmt"/>
        <line num="67" count="17" type="stmt"/>
        <line num="68" count="17" type="stmt"/>
        <line num="70" count="17" type="stmt"/>
        <line num="71" count="17" type="stmt"/>
        <line num="72" count="17" type="stmt"/>
        <line num="73" count="17" type="stmt"/>
        <line num="74" count="17" type="stmt"/>
        <line num="75" count="17" type="stmt"/>
        <line num="76" count="17" type="stmt"/>
        <line num="78" count="17" type="stmt"/>
        <line num="79" count="17" type="stmt"/>
        <line num="80" count="17" type="stmt"/>
        <line num="81" count="17" type="stmt"/>
        <line num="82" count="17" type="stmt"/>
        <line num="83" count="17" type="stmt"/>
        <line num="84" count="17" type="stmt"/>
        <line num="86" count="17" type="stmt"/>
        <line num="87" count="17" type="stmt"/>
        <line num="88" count="17" type="stmt"/>
        <line num="89" count="17" type="stmt"/>
        <line num="90" count="17" type="stmt"/>
        <line num="91" count="17" type="stmt"/>
        <line num="92" count="17" type="stmt"/>
        <line num="94" count="17" type="stmt"/>
        <line num="95" count="17" type="stmt"/>
        <line num="96" count="17" type="stmt"/>
        <line num="97" count="17" type="stmt"/>
        <line num="98" count="17" type="stmt"/>
        <line num="99" count="17" type="stmt"/>
        <line num="100" count="17" type="stmt"/>
        <line num="102" count="17" type="stmt"/>
        <line num="103" count="17" type="stmt"/>
        <line num="104" count="17" type="stmt"/>
        <line num="105" count="17" type="stmt"/>
        <line num="106" count="17" type="stmt"/>
        <line num="107" count="17" type="stmt"/>
        <line num="109" count="17" type="stmt"/>
        <line num="111" count="0" type="stmt"/>
        <line num="112" count="0" type="stmt"/>
        <line num="113" count="0" type="stmt"/>
        <line num="114" count="0" type="stmt"/>
        <line num="115" count="0" type="stmt"/>
        <line num="117" count="0" type="stmt"/>
        <line num="119" count="0" type="stmt"/>
        <line num="120" count="0" type="stmt"/>
        <line num="121" count="0" type="stmt"/>
        <line num="122" count="0" type="stmt"/>
        <line num="123" count="0" type="stmt"/>
        <line num="125" count="0" type="stmt"/>
        <line num="127" count="1" type="stmt"/>
      </file>
      <file name="main.tsx" path="/home/jleyva/Documents/Java/Job-Application-Tracker/frontend/src/main.tsx">
        <metrics statements="9" coveredstatements="0" conditionals="1" coveredconditionals="0" methods="1" coveredmethods="0"/>
        <line num="1" count="0" type="cond" truecount="0" falsecount="1"/>
        <line num="2" count="0" type="stmt"/>
        <line num="3" count="0" type="stmt"/>
        <line num="4" count="0" type="stmt"/>
        <line num="6" count="0" type="stmt"/>
        <line num="7" count="0" type="stmt"/>
        <line num="8" count="0" type="stmt"/>
        <line num="9" count="0" type="stmt"/>
        <line num="10" count="0" type="stmt"/>
      </file>
    </package>
    <package name="frontend.src.components">
      <metrics statements="1508" coveredstatements="1350" conditionals="170" coveredconditionals="149" methods="58" coveredmethods="44"/>
      <file name="AddApplicationForm.tsx" path="/home/jleyva/Documents/Java/Job-Application-Tracker/frontend/src/components/AddApplicationForm.tsx">
        <metrics statements="249" coveredstatements="233" conditionals="22" coveredconditionals="15" methods="5" coveredmethods="3"/>
        <line num="1" count="1" type="stmt"/>
        <line num="2" count="1" type="stmt"/>
        <line num="3" count="1" type="stmt"/>
        <line num="4" count="1" type="stmt"/>
        <line num="5" count="1" type="stmt"/>
        <line num="19" count="19" type="cond" truecount="1" falsecount="0"/>
        <line num="20" count="19" type="stmt"/>
        <line num="21" count="19" type="stmt"/>
        <line num="22" count="19" type="stmt"/>
        <line num="23" count="19" type="stmt"/>
        <line num="24" count="19" type="stmt"/>
        <line num="25" count="19" type="stmt"/>
        <line num="26" count="19" type="stmt"/>
        <line num="27" count="19" type="stmt"/>
        <line num="28" count="19" type="stmt"/>
        <line num="29" count="19" type="stmt"/>
        <line num="30" count="19" type="stmt"/>
        <line num="31" count="19" type="stmt"/>
        <line num="32" count="19" type="stmt"/>
        <line num="33" count="19" type="stmt"/>
        <line num="34" count="19" type="stmt"/>
        <line num="35" count="19" type="stmt"/>
        <line num="37" count="19" type="stmt"/>
        <line num="38" count="0" type="stmt"/>
        <line num="39" count="0" type="stmt"/>
        <line num="40" count="0" type="stmt"/>
        <line num="42" count="0" type="stmt"/>
        <line num="43" count="0" type="stmt"/>
        <line num="44" count="0" type="stmt"/>
        <line num="45" count="0" type="stmt"/>
        <line num="46" count="0" type="stmt"/>
        <line num="47" count="0" type="stmt"/>
        <line num="48" count="0" type="stmt"/>
        <line num="49" count="0" type="stmt"/>
        <line num="50" count="0" type="stmt"/>
        <line num="52" count="19" type="cond" truecount="1" falsecount="0"/>
        <line num="53" count="6" type="stmt"/>
        <line num="54" count="6" type="cond" truecount="1" falsecount="0"/>
        <line num="55" count="6" type="stmt"/>
        <line num="56" count="6" type="cond" truecount="0" falsecount="1"/>
        <line num="57" count="6" type="stmt"/>
        <line num="58" count="6" type="stmt"/>
        <line num="60" count="19" type="cond" truecount="1" falsecount="0"/>
        <line num="61" count="3" type="cond" truecount="0" falsecount="1"/>
        <line num="62" count="0" type="stmt"/>
        <line num="63" count="0" type="stmt"/>
        <line num="64" count="0" type="stmt"/>
        <line num="66" count="3" type="stmt"/>
        <line num="67" count="3" type="stmt"/>
        <line num="68" count="3" type="stmt"/>
        <line num="70" count="3" type="stmt"/>
        <line num="71" count="3" type="stmt"/>
        <line num="73" count="3" type="cond" truecount="1" falsecount="0"/>
        <line num="75" count="2" type="cond" truecount="1" falsecount="0"/>
        <line num="76" count="2" type="stmt"/>
        <line num="77" count="2" type="cond" truecount="0" falsecount="1"/>
        <line num="78" count="2" type="cond" truecount="0" falsecount="1"/>
        <line num="79" count="2" type="cond" truecount="1" falsecount="0"/>
        <line num="80" count="2" type="cond" truecount="1" falsecount="0"/>
        <line num="81" count="2" type="cond" truecount="1" falsecount="0"/>
        <line num="82" count="2" type="stmt"/>
        <line num="83" count="2" type="stmt"/>
        <line num="85" count="2" type="stmt"/>
        <line num="86" count="3" type="cond" truecount="1" falsecount="0"/>
        <line num="87" count="1" type="cond" truecount="0" falsecount="1"/>
        <line num="88" count="1" type="stmt"/>
        <line num="89" count="3" type="cond" truecount="0" falsecount="1"/>
        <line num="90" count="0" type="stmt"/>
        <line num="91" count="3" type="stmt"/>
        <line num="92" count="3" type="stmt"/>
        <line num="93" count="3" type="stmt"/>
        <line num="94" count="3" type="stmt"/>
        <line num="96" count="19" type="stmt"/>
        <line num="97" count="19" type="stmt"/>
        <line num="98" count="19" type="stmt"/>
        <line num="100" count="19" type="stmt"/>
        <line num="101" count="19" type="stmt"/>
        <line num="102" count="19" type="stmt"/>
        <line num="103" count="19" type="stmt"/>
        <line num="104" count="19" type="cond" truecount="1" falsecount="0"/>
        <line num="105" count="1" type="stmt"/>
        <line num="106" count="1" type="stmt"/>
        <line num="107" count="1" type="stmt"/>
        <line num="110" count="19" type="cond" truecount="1" falsecount="0"/>
        <line num="111" count="2" type="stmt"/>
        <line num="112" count="2" type="stmt"/>
        <line num="113" count="2" type="stmt"/>
        <line num="116" count="19" type="stmt"/>
        <line num="117" count="19" type="stmt"/>
        <line num="119" count="19" type="stmt"/>
        <line num="120" count="19" type="stmt"/>
        <line num="121" count="19" type="stmt"/>
        <line num="122" count="19" type="stmt"/>
        <line num="123" count="19" type="stmt"/>
        <line num="124" count="19" type="stmt"/>
        <line num="125" count="19" type="stmt"/>
        <line num="126" count="19" type="stmt"/>
        <line num="127" count="19" type="stmt"/>
        <line num="128" count="19" type="stmt"/>
        <line num="129" count="19" type="stmt"/>
        <line num="130" count="19" type="stmt"/>
        <line num="131" count="19" type="stmt"/>
        <line num="132" count="19" type="stmt"/>
        <line num="133" count="19" type="cond" truecount="1" falsecount="0"/>
        <line num="134" count="19" type="stmt"/>
        <line num="136" count="19" type="cond" truecount="1" falsecount="0"/>
        <line num="137" count="3" type="stmt"/>
        <line num="138" count="3" type="stmt"/>
        <line num="139" count="3" type="stmt"/>
        <line num="140" count="3" type="stmt"/>
        <line num="141" count="3" type="stmt"/>
        <line num="143" count="3" type="cond" truecount="1" falsecount="0"/>
        <line num="145" count="16" type="stmt"/>
        <line num="147" count="19" type="stmt"/>
        <line num="148" count="19" type="stmt"/>
        <line num="149" count="19" type="stmt"/>
        <line num="151" count="19" type="stmt"/>
        <line num="152" count="19" type="stmt"/>
        <line num="154" count="19" type="stmt"/>
        <line num="155" count="19" type="stmt"/>
        <line num="157" count="19" type="stmt"/>
        <line num="158" count="19" type="stmt"/>
        <line num="159" count="19" type="stmt"/>
        <line num="160" count="19" type="stmt"/>
        <line num="161" count="19" type="stmt"/>
        <line num="162" count="19" type="stmt"/>
        <line num="163" count="19" type="stmt"/>
        <line num="164" count="19" type="stmt"/>
        <line num="165" count="19" type="stmt"/>
        <line num="166" count="19" type="stmt"/>
        <line num="167" count="19" type="stmt"/>
        <line num="169" count="19" type="stmt"/>
        <line num="170" count="19" type="stmt"/>
        <line num="172" count="19" type="stmt"/>
        <line num="173" count="19" type="stmt"/>
        <line num="174" count="19" type="stmt"/>
        <line num="175" count="19" type="stmt"/>
        <line num="176" count="19" type="stmt"/>
        <line num="177" count="19" type="stmt"/>
        <line num="178" count="19" type="stmt"/>
        <line num="179" count="19" type="stmt"/>
        <line num="180" count="19" type="stmt"/>
        <line num="181" count="19" type="stmt"/>
        <line num="182" count="19" type="stmt"/>
        <line num="184" count="19" type="stmt"/>
        <line num="185" count="19" type="stmt"/>
        <line num="187" count="19" type="stmt"/>
        <line num="188" count="19" type="stmt"/>
        <line num="189" count="19" type="stmt"/>
        <line num="190" count="19" type="stmt"/>
        <line num="191" count="19" type="stmt"/>
        <line num="192" count="19" type="stmt"/>
        <line num="193" count="19" type="stmt"/>
        <line num="194" count="19" type="stmt"/>
        <line num="195" count="19" type="stmt"/>
        <line num="196" count="19" type="stmt"/>
        <line num="198" count="19" type="stmt"/>
        <line num="199" count="19" type="stmt"/>
        <line num="201" count="19" type="stmt"/>
        <line num="202" count="19" type="stmt"/>
        <line num="203" count="19" type="stmt"/>
        <line num="204" count="19" type="stmt"/>
        <line num="205" count="19" type="stmt"/>
        <line num="206" count="19" type="stmt"/>
        <line num="207" count="19" type="stmt"/>
        <line num="208" count="19" type="stmt"/>
        <line num="209" count="19" type="stmt"/>
        <line num="210" count="19" type="stmt"/>
        <line num="212" count="19" type="stmt"/>
        <line num="213" count="19" type="stmt"/>
        <line num="215" count="19" type="stmt"/>
        <line num="216" count="19" type="stmt"/>
        <line num="217" count="19" type="stmt"/>
        <line num="218" count="19" type="stmt"/>
        <line num="219" count="19" type="stmt"/>
        <line num="220" count="19" type="stmt"/>
        <line num="221" count="19" type="stmt"/>
        <line num="222" count="19" type="stmt"/>
        <line num="223" count="19" type="stmt"/>
        <line num="224" count="19" type="stmt"/>
        <line num="226" count="19" type="stmt"/>
        <line num="227" count="19" type="stmt"/>
        <line num="229" count="19" type="stmt"/>
        <line num="230" count="19" type="stmt"/>
        <line num="231" count="19" type="stmt"/>
        <line num="232" count="19" type="stmt"/>
        <line num="233" count="19" type="stmt"/>
        <line num="234" count="19" type="stmt"/>
        <line num="235" count="19" type="stmt"/>
        <line num="237" count="19" type="stmt"/>
        <line num="238" count="19" type="stmt"/>
        <line num="239" count="19" type="stmt"/>
        <line num="240" count="19" type="stmt"/>
        <line num="241" count="19" type="stmt"/>
        <line num="242" count="19" type="stmt"/>
        <line num="243" count="19" type="stmt"/>
        <line num="244" count="19" type="stmt"/>
        <line num="246" count="19" type="stmt"/>
        <line num="247" count="19" type="stmt"/>
        <line num="249" count="19" type="stmt"/>
        <line num="250" count="19" type="stmt"/>
        <line num="252" count="19" type="stmt"/>
        <line num="253" count="19" type="stmt"/>
        <line num="254" count="19" type="stmt"/>
        <line num="255" count="19" type="stmt"/>
        <line num="256" count="19" type="stmt"/>
        <line num="257" count="19" type="stmt"/>
        <line num="258" count="19" type="stmt"/>
        <line num="259" count="19" type="stmt"/>
        <line num="261" count="19" type="stmt"/>
        <line num="262" count="19" type="stmt"/>
        <line num="263" count="19" type="stmt"/>
        <line num="264" count="19" type="stmt"/>
        <line num="265" count="19" type="stmt"/>
        <line num="266" count="19" type="stmt"/>
        <line num="268" count="19" type="stmt"/>
        <line num="269" count="19" type="stmt"/>
        <line num="271" count="19" type="stmt"/>
        <line num="272" count="19" type="stmt"/>
        <line num="273" count="19" type="stmt"/>
        <line num="274" count="19" type="stmt"/>
        <line num="275" count="19" type="stmt"/>
        <line num="276" count="19" type="stmt"/>
        <line num="277" count="19" type="stmt"/>
        <line num="278" count="19" type="stmt"/>
        <line num="279" count="19" type="stmt"/>
        <line num="280" count="19" type="stmt"/>
        <line num="281" count="19" type="stmt"/>
        <line num="283" count="19" type="stmt"/>
        <line num="284" count="19" type="stmt"/>
        <line num="285" count="19" type="stmt"/>
        <line num="286" count="19" type="stmt"/>
        <line num="287" count="19" type="stmt"/>
        <line num="288" count="19" type="stmt"/>
        <line num="289" count="19" type="stmt"/>
        <line num="291" count="19" type="stmt"/>
        <line num="292" count="19" type="stmt"/>
        <line num="293" count="19" type="stmt"/>
        <line num="294" count="19" type="stmt"/>
        <line num="295" count="19" type="stmt"/>
        <line num="297" count="19" type="cond" truecount="0" falsecount="1"/>
        <line num="298" count="19" type="stmt"/>
        <line num="299" count="19" type="stmt"/>
        <line num="300" count="19" type="stmt"/>
        <line num="301" count="19" type="stmt"/>
        <line num="302" count="19" type="stmt"/>
        <line num="303" count="19" type="stmt"/>
        <line num="305" count="19" type="stmt"/>
        <line num="307" count="1" type="stmt"/>
      </file>
      <file name="ApplicationsView.tsx" path="/home/jleyva/Documents/Java/Job-Application-Tracker/frontend/src/components/ApplicationsView.tsx">
        <metrics statements="275" coveredstatements="275" conditionals="44" coveredconditionals="44" methods="15" coveredmethods="12"/>
        <line num="1" count="1" type="stmt"/>
        <line num="2" count="1" type="stmt"/>
        <line num="13" count="41" type="cond" truecount="1" falsecount="0"/>
        <line num="14" count="41" type="stmt"/>
        <line num="15" count="41" type="stmt"/>
        <line num="16" count="41" type="stmt"/>
        <line num="17" count="41" type="stmt"/>
        <line num="18" count="41" type="stmt"/>
        <line num="20" count="41" type="cond" truecount="1" falsecount="0"/>
        <line num="21" count="35" type="cond" truecount="1" falsecount="0"/>
        <line num="23" count="136" type="cond" truecount="2" falsecount="0"/>
        <line num="24" count="24" type="stmt"/>
        <line num="25" count="24" type="cond" truecount="1" falsecount="0"/>
        <line num="28" count="136" type="cond" truecount="2" falsecount="0"/>
        <line num="29" count="20" type="stmt"/>
        <line num="30" count="20" type="stmt"/>
        <line num="32" count="20" type="stmt"/>
        <line num="33" count="20" type="stmt"/>
        <line num="34" count="20" type="stmt"/>
        <line num="35" count="20" type="cond" truecount="1" falsecount="0"/>
        <line num="36" count="8" type="stmt"/>
        <line num="37" count="8" type="stmt"/>
        <line num="38" count="20" type="cond" truecount="1" falsecount="0"/>
        <line num="40" count="20" type="cond" truecount="1" falsecount="0"/>
        <line num="41" count="6" type="stmt"/>
        <line num="42" count="6" type="stmt"/>
        <line num="43" count="6" type="cond" truecount="1" falsecount="0"/>
        <line num="44" count="2" type="stmt"/>
        <line num="45" count="2" type="stmt"/>
        <line num="46" count="6" type="stmt"/>
        <line num="47" count="20" type="cond" truecount="1" falsecount="0"/>
        <line num="49" count="102" type="stmt"/>
        <line num="50" count="35" type="stmt"/>
        <line num="51" count="41" type="stmt"/>
        <line num="53" count="41" type="cond" truecount="1" falsecount="0"/>
        <line num="54" count="118" type="stmt"/>
        <line num="55" count="118" type="cond" truecount="1" falsecount="0"/>
        <line num="56" count="34" type="stmt"/>
        <line num="57" count="118" type="cond" truecount="1" falsecount="0"/>
        <line num="58" count="30" type="stmt"/>
        <line num="59" count="118" type="cond" truecount="1" falsecount="0"/>
        <line num="60" count="28" type="stmt"/>
        <line num="61" count="118" type="cond" truecount="1" falsecount="0"/>
        <line num="62" count="26" type="stmt"/>
        <line num="63" count="118" type="stmt"/>
        <line num="64" count="118" type="stmt"/>
        <line num="66" count="41" type="cond" truecount="1" falsecount="0"/>
        <line num="67" count="1" type="stmt"/>
        <line num="68" count="1" type="stmt"/>
        <line num="70" count="41" type="cond" truecount="1" falsecount="0"/>
        <line num="71" count="1" type="stmt"/>
        <line num="72" count="1" type="stmt"/>
        <line num="73" count="1" type="stmt"/>
        <line num="75" count="41" type="cond" truecount="1" falsecount="0"/>
        <line num="76" count="1" type="stmt"/>
        <line num="77" count="1" type="stmt"/>
        <line num="78" count="1" type="stmt"/>
        <line num="79" count="1" type="stmt"/>
        <line num="81" count="41" type="cond" truecount="1" falsecount="0"/>
        <line num="82" count="1" type="stmt"/>
        <line num="83" count="1" type="stmt"/>
        <line num="84" count="1" type="stmt"/>
        <line num="85" count="1" type="stmt"/>
        <line num="86" count="1" type="stmt"/>
        <line num="87" count="1" type="stmt"/>
        <line num="88" count="1" type="stmt"/>
        <line num="89" count="1" type="stmt"/>
        <line num="90" count="1" type="stmt"/>
        <line num="92" count="1" type="stmt"/>
        <line num="93" count="1" type="stmt"/>
        <line num="94" count="1" type="stmt"/>
        <line num="95" count="1" type="stmt"/>
        <line num="97" count="1" type="cond" truecount="1" falsecount="0"/>
        <line num="99" count="41" type="cond" truecount="1" falsecount="0"/>
        <line num="100" count="1" type="stmt"/>
        <line num="101" count="1" type="stmt"/>
        <line num="102" count="1" type="stmt"/>
        <line num="103" count="1" type="stmt"/>
        <line num="104" count="1" type="stmt"/>
        <line num="105" count="1" type="stmt"/>
        <line num="106" count="1" type="stmt"/>
        <line num="107" count="1" type="stmt"/>
        <line num="109" count="1" type="cond" truecount="1" falsecount="0"/>
        <line num="111" count="39" type="stmt"/>
        <line num="112" count="39" type="stmt"/>
        <line num="114" count="39" type="stmt"/>
        <line num="115" count="39" type="stmt"/>
        <line num="117" count="39" type="stmt"/>
        <line num="118" count="39" type="stmt"/>
        <line num="119" count="39" type="stmt"/>
        <line num="120" count="39" type="stmt"/>
        <line num="121" count="39" type="stmt"/>
        <line num="122" count="39" type="cond" truecount="1" falsecount="0"/>
        <line num="123" count="39" type="stmt"/>
        <line num="124" count="39" type="cond" truecount="1" falsecount="0"/>
        <line num="125" count="34" type="cond" truecount="1" falsecount="0"/>
        <line num="126" count="5" type="stmt"/>
        <line num="127" count="41" type="stmt"/>
        <line num="128" count="41" type="stmt"/>
        <line num="130" count="41" type="stmt"/>
        <line num="131" count="41" type="stmt"/>
        <line num="132" count="41" type="stmt"/>
        <line num="133" count="41" type="cond" truecount="1" falsecount="0"/>
        <line num="134" count="41" type="stmt"/>
        <line num="135" count="41" type="cond" truecount="1" falsecount="0"/>
        <line num="136" count="5" type="cond" truecount="1" falsecount="0"/>
        <line num="137" count="34" type="stmt"/>
        <line num="138" count="41" type="stmt"/>
        <line num="139" count="41" type="stmt"/>
        <line num="141" count="41" type="stmt"/>
        <line num="142" count="41" type="stmt"/>
        <line num="143" count="41" type="stmt"/>
        <line num="146" count="41" type="stmt"/>
        <line num="148" count="41" type="stmt"/>
        <line num="149" count="41" type="stmt"/>
        <line num="151" count="41" type="stmt"/>
        <line num="152" count="41" type="stmt"/>
        <line num="153" count="41" type="stmt"/>
        <line num="154" count="41" type="stmt"/>
        <line num="155" count="41" type="cond" truecount="1" falsecount="0"/>
        <line num="156" count="41" type="stmt"/>
        <line num="158" count="41" type="stmt"/>
        <line num="159" count="41" type="stmt"/>
        <line num="160" count="41" type="stmt"/>
        <line num="161" count="41" type="stmt"/>
        <line num="162" count="41" type="stmt"/>
        <line num="163" count="41" type="stmt"/>
        <line num="164" count="41" type="stmt"/>
        <line num="167" count="41" type="stmt"/>
        <line num="168" count="41" type="stmt"/>
        <line num="170" count="41" type="stmt"/>
        <line num="171" count="41" type="stmt"/>
        <line num="172" count="41" type="stmt"/>
        <line num="173" count="41" type="stmt"/>
        <line num="174" count="41" type="stmt"/>
        <line num="175" count="41" type="cond" truecount="1" falsecount="0"/>
        <line num="176" count="41" type="stmt"/>
        <line num="177" count="41" type="stmt"/>
        <line num="178" count="41" type="stmt"/>
        <line num="180" count="41" type="stmt"/>
        <line num="181" count="41" type="stmt"/>
        <line num="183" count="41" type="stmt"/>
        <line num="184" count="41" type="stmt"/>
        <line num="185" count="41" type="stmt"/>
        <line num="186" count="41" type="stmt"/>
        <line num="187" count="41" type="stmt"/>
        <line num="188" count="41" type="cond" truecount="1" falsecount="0"/>
        <line num="189" count="41" type="stmt"/>
        <line num="190" count="41" type="stmt"/>
        <line num="191" count="41" type="stmt"/>
        <line num="194" count="41" type="stmt"/>
        <line num="195" count="41" type="stmt"/>
        <line num="196" count="41" type="stmt"/>
        <line num="197" count="41" type="stmt"/>
        <line num="198" count="41" type="stmt"/>
        <line num="200" count="41" type="stmt"/>
        <line num="201" count="41" type="stmt"/>
        <line num="202" count="41" type="stmt"/>
        <line num="203" count="41" type="stmt"/>
        <line num="206" count="41" type="cond" truecount="1" falsecount="0"/>
        <line num="207" count="1" type="stmt"/>
        <line num="208" count="1" type="stmt"/>
        <line num="210" count="1" type="stmt"/>
        <line num="211" count="1" type="stmt"/>
        <line num="212" count="1" type="stmt"/>
        <line num="213" count="1" type="stmt"/>
        <line num="214" count="1" type="stmt"/>
        <line num="216" count="1" type="stmt"/>
        <line num="217" count="1" type="cond" truecount="1" falsecount="0"/>
        <line num="218" count="38" type="cond" truecount="1" falsecount="0"/>
        <line num="219" count="2" type="stmt"/>
        <line num="220" count="2" type="stmt"/>
        <line num="222" count="2" type="stmt"/>
        <line num="223" count="2" type="stmt"/>
        <line num="224" count="2" type="stmt"/>
        <line num="225" count="2" type="stmt"/>
        <line num="226" count="2" type="stmt"/>
        <line num="228" count="2" type="stmt"/>
        <line num="229" count="2" type="cond" truecount="1" falsecount="0"/>
        <line num="231" count="36" type="stmt"/>
        <line num="232" count="36" type="cond" truecount="1" falsecount="0"/>
        <line num="233" count="31" type="stmt"/>
        <line num="234" count="31" type="stmt"/>
        <line num="235" count="31" type="stmt"/>
        <line num="237" count="31" type="stmt"/>
        <line num="238" count="31" type="cond" truecount="1" falsecount="0"/>
        <line num="239" count="98" type="stmt"/>
        <line num="240" count="98" type="stmt"/>
        <line num="241" count="98" type="stmt"/>
        <line num="242" count="98" type="stmt"/>
        <line num="243" count="98" type="cond" truecount="1" falsecount="0"/>
        <line num="245" count="98" type="stmt"/>
        <line num="246" count="98" type="stmt"/>
        <line num="247" count="98" type="stmt"/>
        <line num="248" count="98" type="stmt"/>
        <line num="249" count="98" type="stmt"/>
        <line num="250" count="98" type="stmt"/>
        <line num="251" count="98" type="stmt"/>
        <line num="252" count="98" type="stmt"/>
        <line num="253" count="98" type="stmt"/>
        <line num="254" count="98" type="stmt"/>
        <line num="255" count="98" type="stmt"/>
        <line num="256" count="98" type="stmt"/>
        <line num="257" count="98" type="stmt"/>
        <line num="258" count="98" type="stmt"/>
        <line num="259" count="98" type="stmt"/>
        <line num="260" count="98" type="stmt"/>
        <line num="261" count="98" type="stmt"/>
        <line num="263" count="98" type="stmt"/>
        <line num="264" count="98" type="stmt"/>
        <line num="265" count="98" type="stmt"/>
        <line num="266" count="98" type="stmt"/>
        <line num="267" count="98" type="stmt"/>
        <line num="268" count="98" type="stmt"/>
        <line num="269" count="98" type="stmt"/>
        <line num="270" count="98" type="cond" truecount="1" falsecount="0"/>
        <line num="271" count="98" type="stmt"/>
        <line num="273" count="98" type="stmt"/>
        <line num="274" count="98" type="stmt"/>
        <line num="275" count="98" type="stmt"/>
        <line num="276" count="98" type="stmt"/>
        <line num="277" count="98" type="stmt"/>
        <line num="278" count="31" type="stmt"/>
        <line num="279" count="31" type="stmt"/>
        <line num="280" count="31" type="cond" truecount="1" falsecount="0"/>
        <line num="282" count="5" type="stmt"/>
        <line num="283" count="5" type="stmt"/>
        <line num="284" count="5" type="stmt"/>
        <line num="286" count="5" type="cond" truecount="1" falsecount="0"/>
        <line num="287" count="20" type="stmt"/>
        <line num="288" count="20" type="stmt"/>
        <line num="289" count="20" type="stmt"/>
        <line num="290" count="20" type="stmt"/>
        <line num="291" count="20" type="stmt"/>
        <line num="293" count="20" type="stmt"/>
        <line num="294" count="20" type="stmt"/>
        <line num="295" count="20" type="stmt"/>
        <line num="296" count="20" type="stmt"/>
        <line num="297" count="20" type="stmt"/>
        <line num="298" count="20" type="stmt"/>
        <line num="299" count="20" type="stmt"/>
        <line num="300" count="20" type="stmt"/>
        <line num="301" count="20" type="stmt"/>
        <line num="302" count="20" type="stmt"/>
        <line num="303" count="20" type="stmt"/>
        <line num="304" count="20" type="stmt"/>
        <line num="305" count="20" type="stmt"/>
        <line num="307" count="20" type="stmt"/>
        <line num="308" count="20" type="stmt"/>
        <line num="309" count="20" type="stmt"/>
        <line num="310" count="20" type="stmt"/>
        <line num="311" count="20" type="stmt"/>
        <line num="312" count="20" type="stmt"/>
        <line num="313" count="20" type="stmt"/>
        <line num="314" count="20" type="stmt"/>
        <line num="315" count="20" type="stmt"/>
        <line num="316" count="20" type="stmt"/>
        <line num="317" count="20" type="stmt"/>
        <line num="319" count="20" type="stmt"/>
        <line num="320" count="20" type="stmt"/>
        <line num="321" count="20" type="stmt"/>
        <line num="322" count="20" type="stmt"/>
        <line num="323" count="20" type="stmt"/>
        <line num="324" count="20" type="stmt"/>
        <line num="325" count="20" type="stmt"/>
        <line num="326" count="20" type="stmt"/>
        <line num="328" count="20" type="stmt"/>
        <line num="329" count="20" type="stmt"/>
        <line num="330" count="20" type="stmt"/>
        <line num="331" count="5" type="stmt"/>
        <line num="332" count="5" type="stmt"/>
        <line num="334" count="36" type="stmt"/>
        <line num="336" count="41" type="stmt"/>
        <line num="338" count="41" type="stmt"/>
        <line num="340" count="1" type="stmt"/>
      </file>
      <file name="Calendar.tsx" path="/home/jleyva/Documents/Java/Job-Application-Tracker/frontend/src/components/Calendar.tsx">
        <metrics statements="158" coveredstatements="153" conditionals="28" coveredconditionals="25" methods="7" coveredmethods="7"/>
        <line num="1" count="1" type="stmt"/>
        <line num="38" count="7" type="cond" truecount="1" falsecount="0"/>
        <line num="39" count="7" type="stmt"/>
        <line num="41" count="7" type="cond" truecount="1" falsecount="0"/>
        <line num="42" count="7" type="stmt"/>
        <line num="43" count="7" type="stmt"/>
        <line num="45" count="7" type="stmt"/>
        <line num="46" count="7" type="stmt"/>
        <line num="47" count="7" type="stmt"/>
        <line num="50" count="7" type="stmt"/>
        <line num="51" count="7" type="cond" truecount="1" falsecount="0"/>
        <line num="53" count="6" type="stmt"/>
        <line num="54" count="6" type="stmt"/>
        <line num="55" count="6" type="stmt"/>
        <line num="56" count="6" type="stmt"/>
        <line num="57" count="6" type="stmt"/>
        <line num="58" count="6" type="stmt"/>
        <line num="59" count="7" type="stmt"/>
        <line num="62" count="7" type="stmt"/>
        <line num="63" count="7" type="cond" truecount="1" falsecount="0"/>
        <line num="64" count="6" type="stmt"/>
        <line num="67" count="6" type="stmt"/>
        <line num="68" count="6" type="stmt"/>
        <line num="70" count="6" type="stmt"/>
        <line num="71" count="6" type="stmt"/>
        <line num="72" count="6" type="stmt"/>
        <line num="73" count="6" type="stmt"/>
        <line num="74" count="6" type="stmt"/>
        <line num="75" count="6" type="stmt"/>
        <line num="76" count="6" type="stmt"/>
        <line num="77" count="6" type="stmt"/>
        <line num="78" count="6" type="cond" truecount="0" falsecount="1"/>
        <line num="79" count="0" type="stmt"/>
        <line num="80" count="0" type="stmt"/>
        <line num="81" count="7" type="stmt"/>
        <line num="83" count="7" type="stmt"/>
        <line num="84" count="7" type="stmt"/>
        <line num="85" count="7" type="stmt"/>
        <line num="86" count="7" type="stmt"/>
        <line num="87" count="7" type="stmt"/>
        <line num="88" count="7" type="stmt"/>
        <line num="89" count="7" type="stmt"/>
        <line num="91" count="7" type="cond" truecount="1" falsecount="0"/>
        <line num="92" count="2" type="cond" truecount="1" falsecount="0"/>
        <line num="93" count="2" type="stmt"/>
        <line num="94" count="2" type="cond" truecount="1" falsecount="0"/>
        <line num="95" count="1" type="stmt"/>
        <line num="96" count="1" type="stmt"/>
        <line num="97" count="1" type="stmt"/>
        <line num="98" count="1" type="stmt"/>
        <line num="99" count="2" type="stmt"/>
        <line num="100" count="2" type="stmt"/>
        <line num="101" count="2" type="stmt"/>
        <line num="103" count="7" type="cond" truecount="1" falsecount="0"/>
        <line num="104" count="1" type="stmt"/>
        <line num="105" count="1" type="stmt"/>
        <line num="106" count="1" type="cond" truecount="0" falsecount="1"/>
        <line num="107" count="1" type="stmt"/>
        <line num="109" count="1" type="stmt"/>
        <line num="110" count="1" type="stmt"/>
        <line num="111" count="1" type="stmt"/>
        <line num="112" count="1" type="stmt"/>
        <line num="114" count="7" type="cond" truecount="1" falsecount="0"/>
        <line num="115" count="7" type="stmt"/>
        <line num="116" count="7" type="stmt"/>
        <line num="119" count="7" type="cond" truecount="1" falsecount="0"/>
        <line num="120" count="2" type="stmt"/>
        <line num="121" count="2" type="stmt"/>
        <line num="122" count="2" type="stmt"/>
        <line num="123" count="2" type="stmt"/>
        <line num="124" count="2" type="stmt"/>
        <line num="125" count="2" type="stmt"/>
        <line num="126" count="2" type="stmt"/>
        <line num="129" count="7" type="cond" truecount="1" falsecount="0"/>
        <line num="130" count="211" type="stmt"/>
        <line num="131" count="211" type="stmt"/>
        <line num="132" count="211" type="cond" truecount="1" falsecount="0"/>
        <line num="133" count="211" type="cond" truecount="1" falsecount="0"/>
        <line num="134" count="211" type="stmt"/>
        <line num="135" count="211" type="stmt"/>
        <line num="136" count="211" type="stmt"/>
        <line num="138" count="211" type="stmt"/>
        <line num="139" count="211" type="stmt"/>
        <line num="140" count="211" type="stmt"/>
        <line num="141" count="211" type="stmt"/>
        <line num="143" count="211" type="cond" truecount="2" falsecount="0"/>
        <line num="144" count="211" type="cond" truecount="3" falsecount="0"/>
        <line num="146" count="211" type="cond" truecount="1" falsecount="0"/>
        <line num="148" count="211" type="stmt"/>
        <line num="151" count="211" type="cond" truecount="1" falsecount="0"/>
        <line num="152" count="5" type="stmt"/>
        <line num="156" count="211" type="cond" truecount="1" falsecount="0"/>
        <line num="157" count="5" type="stmt"/>
        <line num="161" count="211" type="cond" truecount="0" falsecount="1"/>
        <line num="162" count="0" type="stmt"/>
        <line num="163" count="0" type="stmt"/>
        <line num="164" count="0" type="stmt"/>
        <line num="166" count="211" type="stmt"/>
        <line num="167" count="211" type="stmt"/>
        <line num="168" count="211" type="stmt"/>
        <line num="171" count="7" type="cond" truecount="1" falsecount="0"/>
        <line num="172" count="32" type="stmt"/>
        <line num="173" count="32" type="stmt"/>
        <line num="174" count="32" type="stmt"/>
        <line num="175" count="32" type="stmt"/>
        <line num="176" count="32" type="stmt"/>
        <line num="177" count="32" type="stmt"/>
        <line num="178" count="32" type="stmt"/>
        <line num="180" count="7" type="stmt"/>
        <line num="181" count="7" type="stmt"/>
        <line num="183" count="7" type="stmt"/>
        <line num="184" count="7" type="stmt"/>
        <line num="186" count="7" type="stmt"/>
        <line num="187" count="7" type="stmt"/>
        <line num="188" count="7" type="cond" truecount="1" falsecount="0"/>
        <line num="189" count="7" type="stmt"/>
        <line num="190" count="7" type="stmt"/>
        <line num="192" count="7" type="stmt"/>
        <line num="193" count="7" type="stmt"/>
        <line num="194" count="7" type="stmt"/>
        <line num="195" count="7" type="stmt"/>
        <line num="197" count="7" type="stmt"/>
        <line num="198" count="7" type="stmt"/>
        <line num="199" count="7" type="stmt"/>
        <line num="201" count="7" type="stmt"/>
        <line num="202" count="7" type="cond" truecount="1" falsecount="0"/>
        <line num="203" count="7" type="stmt"/>
        <line num="204" count="7" type="stmt"/>
        <line num="206" count="7" type="stmt"/>
        <line num="207" count="7" type="stmt"/>
        <line num="208" count="7" type="stmt"/>
        <line num="209" count="7" type="stmt"/>
        <line num="210" count="7" type="stmt"/>
        <line num="213" count="7" type="stmt"/>
        <line num="214" count="7" type="cond" truecount="1" falsecount="0"/>
        <line num="215" count="49" type="stmt"/>
        <line num="216" count="49" type="stmt"/>
        <line num="217" count="49" type="stmt"/>
        <line num="219" count="49" type="stmt"/>
        <line num="220" count="49" type="stmt"/>
        <line num="221" count="7" type="stmt"/>
        <line num="222" count="7" type="stmt"/>
        <line num="225" count="7" type="stmt"/>
        <line num="226" count="7" type="stmt"/>
        <line num="227" count="7" type="stmt"/>
        <line num="230" count="7" type="stmt"/>
        <line num="231" count="7" type="stmt"/>
        <line num="232" count="7" type="stmt"/>
        <line num="233" count="7" type="stmt"/>
        <line num="234" count="7" type="stmt"/>
        <line num="235" count="7" type="stmt"/>
        <line num="236" count="7" type="stmt"/>
        <line num="237" count="7" type="stmt"/>
        <line num="238" count="7" type="stmt"/>
        <line num="239" count="7" type="stmt"/>
        <line num="240" count="7" type="stmt"/>
        <line num="242" count="7" type="stmt"/>
        <line num="244" count="1" type="stmt"/>
      </file>
      <file name="DashboardApplicationsView.tsx" path="/home/jleyva/Documents/Java/Job-Application-Tracker/frontend/src/components/DashboardApplicationsView.tsx">
        <metrics statements="76" coveredstatements="0" conditionals="1" coveredconditionals="0" methods="1" coveredmethods="0"/>
        <line num="1" count="0" type="cond" truecount="0" falsecount="1"/>
        <line num="8" count="0" type="stmt"/>
        <line num="9" count="0" type="stmt"/>
        <line num="11" count="0" type="stmt"/>
        <line num="12" count="0" type="stmt"/>
        <line num="13" count="0" type="stmt"/>
        <line num="14" count="0" type="stmt"/>
        <line num="15" count="0" type="stmt"/>
        <line num="16" count="0" type="stmt"/>
        <line num="17" count="0" type="stmt"/>
        <line num="18" count="0" type="stmt"/>
        <line num="19" count="0" type="stmt"/>
        <line num="20" count="0" type="stmt"/>
        <line num="21" count="0" type="stmt"/>
        <line num="22" count="0" type="stmt"/>
        <line num="24" count="0" type="stmt"/>
        <line num="25" count="0" type="stmt"/>
        <line num="26" count="0" type="stmt"/>
        <line num="28" count="0" type="stmt"/>
        <line num="29" count="0" type="stmt"/>
        <line num="30" count="0" type="stmt"/>
        <line num="32" count="0" type="stmt"/>
        <line num="33" count="0" type="stmt"/>
        <line num="34" count="0" type="stmt"/>
        <line num="35" count="0" type="stmt"/>
        <line num="36" count="0" type="stmt"/>
        <line num="37" count="0" type="stmt"/>
        <line num="38" count="0" type="stmt"/>
        <line num="39" count="0" type="stmt"/>
        <line num="41" count="0" type="stmt"/>
        <line num="42" count="0" type="stmt"/>
        <line num="43" count="0" type="stmt"/>
        <line num="44" count="0" type="stmt"/>
        <line num="45" count="0" type="stmt"/>
        <line num="46" count="0" type="stmt"/>
        <line num="48" count="0" type="stmt"/>
        <line num="49" count="0" type="stmt"/>
        <line num="50" count="0" type="stmt"/>
        <line num="51" count="0" type="stmt"/>
        <line num="52" count="0" type="stmt"/>
        <line num="54" count="0" type="stmt"/>
        <line num="55" count="0" type="stmt"/>
        <line num="57" count="0" type="stmt"/>
        <line num="58" count="0" type="stmt"/>
        <line num="59" count="0" type="stmt"/>
        <line num="60" count="0" type="stmt"/>
        <line num="61" count="0" type="stmt"/>
        <line num="62" count="0" type="stmt"/>
        <line num="64" count="0" type="stmt"/>
        <line num="65" count="0" type="stmt"/>
        <line num="66" count="0" type="stmt"/>
        <line num="67" count="0" type="stmt"/>
        <line num="68" count="0" type="stmt"/>
        <line num="69" count="0" type="stmt"/>
        <line num="70" count="0" type="stmt"/>
        <line num="71" count="0" type="stmt"/>
        <line num="72" count="0" type="stmt"/>
        <line num="73" count="0" type="stmt"/>
        <line num="74" count="0" type="stmt"/>
        <line num="75" count="0" type="stmt"/>
        <line num="76" count="0" type="stmt"/>
        <line num="77" count="0" type="stmt"/>
        <line num="78" count="0" type="stmt"/>
        <line num="79" count="0" type="stmt"/>
        <line num="80" count="0" type="stmt"/>
        <line num="81" count="0" type="stmt"/>
        <line num="82" count="0" type="stmt"/>
        <line num="83" count="0" type="stmt"/>
        <line num="84" count="0" type="stmt"/>
        <line num="85" count="0" type="stmt"/>
        <line num="86" count="0" type="stmt"/>
        <line num="87" count="0" type="stmt"/>
        <line num="89" count="0" type="stmt"/>
        <line num="90" count="0" type="stmt"/>
        <line num="92" count="0" type="stmt"/>
        <line num="94" count="0" type="stmt"/>
      </file>
      <file name="Login.tsx" path="/home/jleyva/Documents/Java/Job-Application-Tracker/frontend/src/components/Login.tsx">
        <metrics statements="106" coveredstatements="106" conditionals="9" coveredconditionals="8" methods="3" coveredmethods="3"/>
        <line num="1" count="1" type="stmt"/>
        <line num="2" count="1" type="stmt"/>
        <line num="3" count="1" type="stmt"/>
        <line num="5" count="124" type="cond" truecount="1" falsecount="0"/>
        <line num="6" count="124" type="stmt"/>
        <line num="7" count="124" type="stmt"/>
        <line num="8" count="124" type="stmt"/>
        <line num="9" count="124" type="stmt"/>
        <line num="10" count="124" type="stmt"/>
        <line num="11" count="124" type="stmt"/>
        <line num="12" count="124" type="stmt"/>
        <line num="14" count="124" type="cond" truecount="1" falsecount="0"/>
        <line num="15" count="108" type="stmt"/>
        <line num="16" count="108" type="stmt"/>
        <line num="17" count="108" type="stmt"/>
        <line num="18" count="108" type="stmt"/>
        <line num="19" count="108" type="stmt"/>
        <line num="21" count="124" type="cond" truecount="1" falsecount="0"/>
        <line num="22" count="4" type="stmt"/>
        <line num="23" count="4" type="stmt"/>
        <line num="24" count="4" type="stmt"/>
        <line num="26" count="4" type="stmt"/>
        <line num="27" count="4" type="cond" truecount="1" falsecount="0"/>
        <line num="28" count="1" type="stmt"/>
        <line num="29" count="4" type="cond" truecount="1" falsecount="0"/>
        <line num="30" count="3" type="cond" truecount="0" falsecount="1"/>
        <line num="31" count="4" type="stmt"/>
        <line num="32" count="4" type="stmt"/>
        <line num="33" count="4" type="stmt"/>
        <line num="34" count="4" type="stmt"/>
        <line num="36" count="124" type="stmt"/>
        <line num="37" count="124" type="stmt"/>
        <line num="38" count="124" type="stmt"/>
        <line num="39" count="124" type="stmt"/>
        <line num="41" count="124" type="stmt"/>
        <line num="42" count="124" type="stmt"/>
        <line num="44" count="124" type="stmt"/>
        <line num="45" count="124" type="stmt"/>
        <line num="46" count="124" type="stmt"/>
        <line num="47" count="124" type="cond" truecount="1" falsecount="0"/>
        <line num="48" count="4" type="stmt"/>
        <line num="49" count="4" type="stmt"/>
        <line num="50" count="4" type="stmt"/>
        <line num="53" count="124" type="stmt"/>
        <line num="54" count="124" type="stmt"/>
        <line num="56" count="124" type="stmt"/>
        <line num="57" count="124" type="stmt"/>
        <line num="58" count="124" type="stmt"/>
        <line num="59" count="124" type="stmt"/>
        <line num="60" count="124" type="stmt"/>
        <line num="61" count="124" type="stmt"/>
        <line num="62" count="124" type="stmt"/>
        <line num="63" count="124" type="stmt"/>
        <line num="64" count="124" type="stmt"/>
        <line num="65" count="124" type="stmt"/>
        <line num="66" count="124" type="stmt"/>
        <line num="67" count="124" type="stmt"/>
        <line num="68" count="124" type="stmt"/>
        <line num="69" count="124" type="stmt"/>
        <line num="71" count="124" type="stmt"/>
        <line num="72" count="124" type="stmt"/>
        <line num="74" count="124" type="stmt"/>
        <line num="75" count="124" type="stmt"/>
        <line num="76" count="124" type="stmt"/>
        <line num="77" count="124" type="stmt"/>
        <line num="78" count="124" type="stmt"/>
        <line num="79" count="124" type="stmt"/>
        <line num="80" count="124" type="stmt"/>
        <line num="81" count="124" type="stmt"/>
        <line num="82" count="124" type="stmt"/>
        <line num="83" count="124" type="stmt"/>
        <line num="84" count="124" type="stmt"/>
        <line num="85" count="124" type="stmt"/>
        <line num="86" count="124" type="stmt"/>
        <line num="87" count="124" type="stmt"/>
        <line num="89" count="124" type="stmt"/>
        <line num="90" count="124" type="stmt"/>
        <line num="91" count="124" type="stmt"/>
        <line num="92" count="124" type="stmt"/>
        <line num="93" count="124" type="stmt"/>
        <line num="95" count="124" type="cond" truecount="2" falsecount="0"/>
        <line num="96" count="124" type="stmt"/>
        <line num="97" count="124" type="stmt"/>
        <line num="98" count="124" type="stmt"/>
        <line num="100" count="124" type="stmt"/>
        <line num="101" count="124" type="stmt"/>
        <line num="102" count="124" type="stmt"/>
        <line num="103" count="124" type="stmt"/>
        <line num="104" count="124" type="stmt"/>
        <line num="105" count="124" type="stmt"/>
        <line num="106" count="124" type="stmt"/>
        <line num="107" count="124" type="stmt"/>
        <line num="108" count="124" type="stmt"/>
        <line num="110" count="124" type="stmt"/>
        <line num="111" count="124" type="stmt"/>
        <line num="112" count="124" type="stmt"/>
        <line num="113" count="124" type="stmt"/>
        <line num="114" count="124" type="stmt"/>
        <line num="116" count="124" type="stmt"/>
        <line num="117" count="124" type="stmt"/>
        <line num="118" count="124" type="stmt"/>
        <line num="119" count="124" type="stmt"/>
        <line num="120" count="124" type="stmt"/>
        <line num="121" count="124" type="stmt"/>
        <line num="123" count="124" type="stmt"/>
        <line num="125" count="1" type="stmt"/>
      </file>
      <file name="MenuBar.tsx" path="/home/jleyva/Documents/Java/Job-Application-Tracker/frontend/src/components/MenuBar.tsx">
        <metrics statements="126" coveredstatements="69" conditionals="5" coveredconditionals="3" methods="5" coveredmethods="1"/>
        <line num="1" count="1" type="stmt"/>
        <line num="2" count="1" type="stmt"/>
        <line num="3" count="1" type="stmt"/>
        <line num="5" count="30" type="cond" truecount="1" falsecount="0"/>
        <line num="6" count="30" type="stmt"/>
        <line num="7" count="30" type="stmt"/>
        <line num="9" count="30" type="stmt"/>
        <line num="10" count="0" type="stmt"/>
        <line num="12" count="0" type="stmt"/>
        <line num="13" count="0" type="stmt"/>
        <line num="14" count="0" type="stmt"/>
        <line num="15" count="0" type="stmt"/>
        <line num="16" count="0" type="stmt"/>
        <line num="17" count="0" type="stmt"/>
        <line num="18" count="0" type="stmt"/>
        <line num="20" count="0" type="stmt"/>
        <line num="21" count="0" type="stmt"/>
        <line num="22" count="0" type="stmt"/>
        <line num="23" count="0" type="stmt"/>
        <line num="24" count="0" type="stmt"/>
        <line num="25" count="0" type="stmt"/>
        <line num="26" count="0" type="stmt"/>
        <line num="28" count="0" type="stmt"/>
        <line num="29" count="0" type="stmt"/>
        <line num="30" count="0" type="stmt"/>
        <line num="31" count="0" type="stmt"/>
        <line num="32" count="0" type="stmt"/>
        <line num="33" count="0" type="stmt"/>
        <line num="34" count="0" type="stmt"/>
        <line num="35" count="0" type="stmt"/>
        <line num="36" count="0" type="stmt"/>
        <line num="37" count="0" type="stmt"/>
        <line num="38" count="0" type="stmt"/>
        <line num="39" count="0" type="stmt"/>
        <line num="40" count="0" type="stmt"/>
        <line num="42" count="30" type="stmt"/>
        <line num="43" count="30" type="stmt"/>
        <line num="44" count="30" type="stmt"/>
        <line num="45" count="30" type="stmt"/>
        <line num="46" count="30" type="stmt"/>
        <line num="47" count="30" type="stmt"/>
        <line num="48" count="30" type="stmt"/>
        <line num="50" count="30" type="stmt"/>
        <line num="51" count="30" type="stmt"/>
        <line num="52" count="30" type="stmt"/>
        <line num="53" count="30" type="stmt"/>
        <line num="55" count="30" type="stmt"/>
        <line num="56" count="30" type="stmt"/>
        <line num="57" count="30" type="stmt"/>
        <line num="58" count="30" type="stmt"/>
        <line num="59" count="30" type="stmt"/>
        <line num="60" count="30" type="cond" truecount="2" falsecount="0"/>
        <line num="61" count="120" type="stmt"/>
        <line num="62" count="120" type="stmt"/>
        <line num="63" count="120" type="stmt"/>
        <line num="64" count="120" type="stmt"/>
        <line num="65" count="0" type="stmt"/>
        <line num="66" count="0" type="stmt"/>
        <line num="67" count="0" type="stmt"/>
        <line num="68" count="120" type="stmt"/>
        <line num="70" count="120" type="stmt"/>
        <line num="71" count="120" type="stmt"/>
        <line num="72" count="30" type="stmt"/>
        <line num="74" count="30" type="stmt"/>
        <line num="75" count="30" type="stmt"/>
        <line num="76" count="30" type="stmt"/>
        <line num="77" count="30" type="stmt"/>
        <line num="78" count="30" type="stmt"/>
        <line num="80" count="30" type="stmt"/>
        <line num="81" count="30" type="stmt"/>
        <line num="82" count="30" type="stmt"/>
        <line num="85" count="30" type="stmt"/>
        <line num="86" count="30" type="stmt"/>
        <line num="87" count="30" type="stmt"/>
        <line num="88" count="30" type="stmt"/>
        <line num="90" count="30" type="stmt"/>
        <line num="91" count="30" type="stmt"/>
        <line num="92" count="30" type="stmt"/>
        <line num="93" count="30" type="stmt"/>
        <line num="94" count="30" type="cond" truecount="0" falsecount="1"/>
        <line num="96" count="0" type="stmt"/>
        <line num="97" count="0" type="stmt"/>
        <line num="98" count="0" type="stmt"/>
        <line num="100" count="30" type="stmt"/>
        <line num="101" count="30" type="stmt"/>
        <line num="104" count="30" type="stmt"/>
        <line num="105" count="30" type="stmt"/>
        <line num="106" count="30" type="stmt"/>
        <line num="107" count="30" type="stmt"/>
        <line num="108" count="30" type="stmt"/>
        <line num="110" count="30" type="stmt"/>
        <line num="111" count="30" type="stmt"/>
        <line num="112" count="30" type="stmt"/>
        <line num="113" count="30" type="stmt"/>
        <line num="114" count="30" type="stmt"/>
        <line num="115" count="30" type="stmt"/>
        <line num="116" count="30" type="stmt"/>
        <line num="117" count="30" type="stmt"/>
        <line num="118" count="30" type="stmt"/>
        <line num="121" count="30" type="cond" truecount="0" falsecount="1"/>
        <line num="122" count="0" type="stmt"/>
        <line num="123" count="0" type="stmt"/>
        <line num="124" count="0" type="stmt"/>
        <line num="125" count="0" type="stmt"/>
        <line num="126" count="0" type="stmt"/>
        <line num="127" count="0" type="stmt"/>
        <line num="128" count="0" type="stmt"/>
        <line num="129" count="0" type="stmt"/>
        <line num="130" count="0" type="stmt"/>
        <line num="131" count="0" type="stmt"/>
        <line num="132" count="0" type="stmt"/>
        <line num="133" count="0" type="stmt"/>
        <line num="135" count="0" type="stmt"/>
        <line num="136" count="0" type="stmt"/>
        <line num="137" count="0" type="stmt"/>
        <line num="139" count="0" type="stmt"/>
        <line num="140" count="0" type="stmt"/>
        <line num="141" count="0" type="stmt"/>
        <line num="142" count="0" type="stmt"/>
        <line num="143" count="0" type="stmt"/>
        <line num="145" count="0" type="stmt"/>
        <line num="146" count="0" type="stmt"/>
        <line num="147" count="0" type="stmt"/>
        <line num="149" count="30" type="stmt"/>
        <line num="151" count="30" type="stmt"/>
        <line num="153" count="1" type="stmt"/>
      </file>
      <file name="ProfileSetup.tsx" path="/home/jleyva/Documents/Java/Job-Application-Tracker/frontend/src/components/ProfileSetup.tsx">
        <metrics statements="361" coveredstatements="357" conditionals="48" coveredconditionals="42" methods="19" coveredmethods="15"/>
        <line num="1" count="1" type="stmt"/>
        <line num="2" count="1" type="stmt"/>
        <line num="9" count="276" type="cond" truecount="1" falsecount="0"/>
        <line num="10" count="276" type="stmt"/>
        <line num="11" count="276" type="stmt"/>
        <line num="12" count="276" type="stmt"/>
        <line num="13" count="276" type="stmt"/>
        <line num="14" count="276" type="stmt"/>
        <line num="15" count="276" type="stmt"/>
        <line num="16" count="276" type="stmt"/>
        <line num="17" count="276" type="stmt"/>
        <line num="18" count="276" type="stmt"/>
        <line num="19" count="276" type="stmt"/>
        <line num="20" count="276" type="stmt"/>
        <line num="21" count="276" type="stmt"/>
        <line num="22" count="276" type="stmt"/>
        <line num="23" count="276" type="stmt"/>
        <line num="24" count="276" type="stmt"/>
        <line num="25" count="276" type="stmt"/>
        <line num="26" count="276" type="stmt"/>
        <line num="29" count="276" type="stmt"/>
        <line num="30" count="276" type="cond" truecount="1" falsecount="0"/>
        <line num="31" count="5" type="cond" truecount="1" falsecount="0"/>
        <line num="32" count="4" type="stmt"/>
        <line num="33" count="4" type="stmt"/>
        <line num="34" count="4" type="stmt"/>
        <line num="35" count="5" type="stmt"/>
        <line num="36" count="276" type="cond" truecount="1" falsecount="0"/>
        <line num="37" count="1" type="cond" truecount="1" falsecount="0"/>
        <line num="38" count="1" type="stmt"/>
        <line num="41" count="276" type="stmt"/>
        <line num="42" count="276" type="cond" truecount="1" falsecount="0"/>
        <line num="43" count="1" type="stmt"/>
        <line num="44" count="1" type="stmt"/>
        <line num="45" count="1" type="stmt"/>
        <line num="46" count="1" type="stmt"/>
        <line num="47" count="1" type="stmt"/>
        <line num="48" count="276" type="stmt"/>
        <line num="49" count="0" type="stmt"/>
        <line num="50" count="0" type="stmt"/>
        <line num="53" count="276" type="stmt"/>
        <line num="54" count="276" type="cond" truecount="1" falsecount="0"/>
        <line num="55" count="1" type="stmt"/>
        <line num="56" count="1" type="stmt"/>
        <line num="57" count="1" type="stmt"/>
        <line num="58" count="1" type="stmt"/>
        <line num="59" count="1" type="stmt"/>
        <line num="60" count="276" type="stmt"/>
        <line num="61" count="0" type="stmt"/>
        <line num="62" count="0" type="stmt"/>
        <line num="64" count="276" type="cond" truecount="1" falsecount="0"/>
        <line num="65" count="192" type="stmt"/>
        <line num="66" count="192" type="cond" truecount="1" falsecount="0"/>
        <line num="67" count="192" type="stmt"/>
        <line num="68" count="192" type="cond" truecount="2" falsecount="0"/>
        <line num="69" count="11" type="cond" truecount="1" falsecount="1"/>
        <line num="70" count="181" type="stmt"/>
        <line num="71" count="192" type="stmt"/>
        <line num="72" count="192" type="stmt"/>
        <line num="74" count="276" type="cond" truecount="1" falsecount="0"/>
        <line num="75" count="3" type="stmt"/>
        <line num="76" count="3" type="stmt"/>
        <line num="77" count="3" type="stmt"/>
        <line num="79" count="3" type="stmt"/>
        <line num="80" count="3" type="stmt"/>
        <line num="81" count="3" type="stmt"/>
        <line num="82" count="3" type="cond" truecount="2" falsecount="0"/>
        <line num="83" count="3" type="cond" truecount="0" falsecount="1"/>
        <line num="84" count="3" type="cond" truecount="0" falsecount="1"/>
        <line num="85" count="3" type="stmt"/>
        <line num="87" count="3" type="cond" truecount="1" falsecount="0"/>
        <line num="88" count="2" type="stmt"/>
        <line num="89" count="3" type="cond" truecount="1" falsecount="0"/>
        <line num="90" count="1" type="cond" truecount="0" falsecount="1"/>
        <line num="91" count="3" type="stmt"/>
        <line num="92" count="3" type="stmt"/>
        <line num="93" count="3" type="stmt"/>
        <line num="94" count="3" type="stmt"/>
        <line num="96" count="276" type="cond" truecount="1" falsecount="0"/>
        <line num="97" count="1" type="stmt"/>
        <line num="98" count="1" type="stmt"/>
        <line num="100" count="276" type="stmt"/>
        <line num="101" count="276" type="stmt"/>
        <line num="102" count="276" type="stmt"/>
        <line num="103" count="276" type="stmt"/>
        <line num="105" count="276" type="stmt"/>
        <line num="106" count="276" type="stmt"/>
        <line num="108" count="276" type="stmt"/>
        <line num="109" count="276" type="stmt"/>
        <line num="111" count="276" type="stmt"/>
        <line num="112" count="276" type="stmt"/>
        <line num="113" count="276" type="stmt"/>
        <line num="114" count="276" type="cond" truecount="1" falsecount="0"/>
        <line num="115" count="1" type="stmt"/>
        <line num="116" count="1" type="stmt"/>
        <line num="117" count="1" type="stmt"/>
        <line num="121" count="276" type="stmt"/>
        <line num="122" count="276" type="stmt"/>
        <line num="123" count="276" type="stmt"/>
        <line num="125" count="276" type="stmt"/>
        <line num="126" count="276" type="stmt"/>
        <line num="127" count="276" type="stmt"/>
        <line num="128" count="276" type="stmt"/>
        <line num="129" count="276" type="stmt"/>
        <line num="130" count="276" type="cond" truecount="1" falsecount="0"/>
        <line num="131" count="276" type="stmt"/>
        <line num="132" count="276" type="stmt"/>
        <line num="133" count="276" type="stmt"/>
        <line num="134" count="276" type="stmt"/>
        <line num="136" count="276" type="stmt"/>
        <line num="137" count="276" type="stmt"/>
        <line num="139" count="276" type="stmt"/>
        <line num="140" count="276" type="stmt"/>
        <line num="141" count="276" type="stmt"/>
        <line num="142" count="276" type="stmt"/>
        <line num="143" count="276" type="stmt"/>
        <line num="144" count="276" type="cond" truecount="1" falsecount="0"/>
        <line num="145" count="276" type="stmt"/>
        <line num="146" count="276" type="stmt"/>
        <line num="147" count="276" type="stmt"/>
        <line num="148" count="276" type="stmt"/>
        <line num="149" count="276" type="stmt"/>
        <line num="152" count="276" type="stmt"/>
        <line num="153" count="276" type="stmt"/>
        <line num="155" count="276" type="stmt"/>
        <line num="156" count="276" type="stmt"/>
        <line num="157" count="276" type="stmt"/>
        <line num="158" count="276" type="stmt"/>
        <line num="159" count="276" type="stmt"/>
        <line num="160" count="276" type="cond" truecount="1" falsecount="0"/>
        <line num="161" count="276" type="stmt"/>
        <line num="162" count="276" type="stmt"/>
        <line num="163" count="276" type="stmt"/>
        <line num="164" count="276" type="stmt"/>
        <line num="165" count="276" type="stmt"/>
        <line num="168" count="276" type="stmt"/>
        <line num="169" count="276" type="stmt"/>
        <line num="170" count="276" type="stmt"/>
        <line num="172" count="276" type="stmt"/>
        <line num="173" count="276" type="stmt"/>
        <line num="174" count="276" type="stmt"/>
        <line num="175" count="276" type="stmt"/>
        <line num="176" count="276" type="stmt"/>
        <line num="177" count="276" type="cond" truecount="1" falsecount="0"/>
        <line num="178" count="276" type="stmt"/>
        <line num="179" count="276" type="stmt"/>
        <line num="180" count="276" type="stmt"/>
        <line num="181" count="276" type="stmt"/>
        <line num="182" count="276" type="stmt"/>
        <line num="184" count="276" type="stmt"/>
        <line num="185" count="276" type="stmt"/>
        <line num="187" count="276" type="stmt"/>
        <line num="188" count="276" type="stmt"/>
        <line num="189" count="276" type="stmt"/>
        <line num="190" count="276" type="stmt"/>
        <line num="191" count="276" type="stmt"/>
        <line num="192" count="276" type="cond" truecount="1" falsecount="0"/>
        <line num="193" count="276" type="stmt"/>
        <line num="194" count="276" type="stmt"/>
        <line num="195" count="276" type="stmt"/>
        <line num="196" count="276" type="stmt"/>
        <line num="197" count="276" type="stmt"/>
        <line num="198" count="276" type="stmt"/>
        <line num="201" count="276" type="stmt"/>
        <line num="202" count="276" type="stmt"/>
        <line num="204" count="276" type="stmt"/>
        <line num="205" count="276" type="stmt"/>
        <line num="206" count="276" type="cond" truecount="1" falsecount="0"/>
        <line num="207" count="23" type="stmt"/>
        <line num="208" count="23" type="stmt"/>
        <line num="209" count="23" type="stmt"/>
        <line num="211" count="23" type="stmt"/>
        <line num="212" count="23" type="stmt"/>
        <line num="213" count="23" type="stmt"/>
        <line num="214" count="23" type="cond" truecount="1" falsecount="0"/>
        <line num="215" count="23" type="stmt"/>
        <line num="216" count="23" type="stmt"/>
        <line num="218" count="23" type="stmt"/>
        <line num="219" count="23" type="stmt"/>
        <line num="220" count="276" type="stmt"/>
        <line num="221" count="276" type="stmt"/>
        <line num="222" count="276" type="stmt"/>
        <line num="223" count="276" type="stmt"/>
        <line num="224" count="276" type="stmt"/>
        <line num="225" count="276" type="stmt"/>
        <line num="226" count="276" type="cond" truecount="1" falsecount="0"/>
        <line num="227" count="276" type="cond" truecount="2" falsecount="0"/>
        <line num="228" count="276" type="stmt"/>
        <line num="229" count="276" type="stmt"/>
        <line num="230" count="276" type="stmt"/>
        <line num="231" count="276" type="stmt"/>
        <line num="232" count="276" type="stmt"/>
        <line num="233" count="276" type="stmt"/>
        <line num="234" count="276" type="stmt"/>
        <line num="235" count="276" type="stmt"/>
        <line num="237" count="276" type="stmt"/>
        <line num="238" count="276" type="stmt"/>
        <line num="239" count="276" type="stmt"/>
        <line num="242" count="276" type="stmt"/>
        <line num="243" count="276" type="stmt"/>
        <line num="245" count="276" type="stmt"/>
        <line num="246" count="276" type="stmt"/>
        <line num="247" count="276" type="cond" truecount="1" falsecount="0"/>
        <line num="248" count="1" type="stmt"/>
        <line num="249" count="1" type="stmt"/>
        <line num="250" count="1" type="stmt"/>
        <line num="252" count="1" type="stmt"/>
        <line num="253" count="1" type="stmt"/>
        <line num="254" count="1" type="stmt"/>
        <line num="255" count="1" type="stmt"/>
        <line num="256" count="1" type="stmt"/>
        <line num="257" count="1" type="stmt"/>
        <line num="259" count="1" type="stmt"/>
        <line num="260" count="1" type="stmt"/>
        <line num="261" count="276" type="stmt"/>
        <line num="262" count="276" type="stmt"/>
        <line num="263" count="276" type="stmt"/>
        <line num="264" count="276" type="stmt"/>
        <line num="265" count="276" type="stmt"/>
        <line num="266" count="276" type="stmt"/>
        <line num="267" count="276" type="cond" truecount="1" falsecount="0"/>
        <line num="268" count="276" type="cond" truecount="1" falsecount="1"/>
        <line num="269" count="276" type="stmt"/>
        <line num="270" count="276" type="stmt"/>
        <line num="271" count="276" type="stmt"/>
        <line num="272" count="276" type="stmt"/>
        <line num="273" count="276" type="stmt"/>
        <line num="274" count="276" type="stmt"/>
        <line num="275" count="276" type="stmt"/>
        <line num="276" count="276" type="stmt"/>
        <line num="278" count="276" type="stmt"/>
        <line num="279" count="276" type="stmt"/>
        <line num="280" count="276" type="stmt"/>
        <line num="283" count="276" type="stmt"/>
        <line num="284" count="276" type="stmt"/>
        <line num="286" count="276" type="stmt"/>
        <line num="287" count="276" type="stmt"/>
        <line num="288" count="276" type="cond" truecount="1" falsecount="0"/>
        <line num="289" count="1" type="stmt"/>
        <line num="290" count="1" type="stmt"/>
        <line num="291" count="1" type="stmt"/>
        <line num="293" count="1" type="stmt"/>
        <line num="294" count="1" type="stmt"/>
        <line num="295" count="1" type="stmt"/>
        <line num="296" count="1" type="stmt"/>
        <line num="297" count="1" type="stmt"/>
        <line num="298" count="1" type="stmt"/>
        <line num="300" count="1" type="stmt"/>
        <line num="301" count="1" type="stmt"/>
        <line num="302" count="276" type="stmt"/>
        <line num="303" count="276" type="stmt"/>
        <line num="304" count="276" type="stmt"/>
        <line num="305" count="276" type="stmt"/>
        <line num="306" count="276" type="stmt"/>
        <line num="307" count="276" type="stmt"/>
        <line num="308" count="276" type="cond" truecount="1" falsecount="0"/>
        <line num="309" count="276" type="cond" truecount="1" falsecount="1"/>
        <line num="310" count="276" type="stmt"/>
        <line num="311" count="276" type="stmt"/>
        <line num="312" count="276" type="stmt"/>
        <line num="313" count="276" type="stmt"/>
        <line num="314" count="276" type="stmt"/>
        <line num="315" count="276" type="stmt"/>
        <line num="316" count="276" type="stmt"/>
        <line num="317" count="276" type="stmt"/>
        <line num="319" count="276" type="stmt"/>
        <line num="320" count="276" type="stmt"/>
        <line num="321" count="276" type="stmt"/>
        <line num="324" count="276" type="stmt"/>
        <line num="325" count="276" type="stmt"/>
        <line num="326" count="276" type="stmt"/>
        <line num="328" count="276" type="stmt"/>
        <line num="329" count="276" type="stmt"/>
        <line num="330" count="276" type="stmt"/>
        <line num="331" count="276" type="stmt"/>
        <line num="332" count="276" type="stmt"/>
        <line num="333" count="276" type="cond" truecount="1" falsecount="0"/>
        <line num="334" count="276" type="stmt"/>
        <line num="335" count="276" type="stmt"/>
        <line num="336" count="276" type="stmt"/>
        <line num="337" count="276" type="stmt"/>
        <line num="338" count="276" type="stmt"/>
        <line num="340" count="276" type="stmt"/>
        <line num="341" count="276" type="stmt"/>
        <line num="343" count="276" type="stmt"/>
        <line num="344" count="276" type="stmt"/>
        <line num="345" count="276" type="stmt"/>
        <line num="346" count="276" type="stmt"/>
        <line num="347" count="276" type="stmt"/>
        <line num="348" count="276" type="cond" truecount="1" falsecount="0"/>
        <line num="349" count="276" type="stmt"/>
        <line num="350" count="276" type="stmt"/>
        <line num="351" count="276" type="stmt"/>
        <line num="352" count="276" type="stmt"/>
        <line num="353" count="276" type="stmt"/>
        <line num="354" count="276" type="stmt"/>
        <line num="357" count="276" type="stmt"/>
        <line num="358" count="276" type="stmt"/>
        <line num="360" count="276" type="stmt"/>
        <line num="362" count="276" type="stmt"/>
        <line num="363" count="276" type="stmt"/>
        <line num="364" count="276" type="stmt"/>
        <line num="366" count="276" type="stmt"/>
        <line num="367" count="276" type="stmt"/>
        <line num="368" count="276" type="stmt"/>
        <line num="369" count="276" type="stmt"/>
        <line num="370" count="276" type="stmt"/>
        <line num="371" count="276" type="cond" truecount="1" falsecount="0"/>
[...]
        <line num="514" count="0" type="stmt"/>
        <line num="517" count="0" type="stmt"/>
        <line num="518" count="0" type="stmt"/>
        <line num="519" count="0" type="stmt"/>
        <line num="520" count="0" type="stmt"/>
        <line num="521" count="0" type="stmt"/>
        <line num="522" count="0" type="stmt"/>
        <line num="523" count="0" type="stmt"/>
        <line num="524" count="0" type="stmt"/>
        <line num="525" count="0" type="stmt"/>
        <line num="526" count="0" type="stmt"/>
        <line num="527" count="0" type="stmt"/>
        <line num="528" count="0" type="stmt"/>
        <line num="529" count="0" type="stmt"/>
        <line num="530" count="0" type="stmt"/>
        <line num="531" count="0" type="stmt"/>
        <line num="532" count="0" type="stmt"/>
        <line num="533" count="0" type="stmt"/>
        <line num="534" count="0" type="stmt"/>
        <line num="535" count="0" type="stmt"/>
        <line num="536" count="0" type="stmt"/>
        <line num="537" count="0" type="stmt"/>
        <line num="538" count="0" type="stmt"/>
        <line num="539" count="0" type="stmt"/>
        <line num="540" count="0" type="stmt"/>
        <line num="541" count="0" type="stmt"/>
        <line num="542" count="0" type="stmt"/>
        <line num="543" count="0" type="stmt"/>
        <line num="544" count="0" type="stmt"/>
        <line num="545" count="1" type="stmt"/>
        <line num="548" count="1" type="stmt"/>
        <line num="549" count="0" type="stmt"/>
        <line num="551" count="0" type="stmt"/>
        <line num="552" count="0" type="stmt"/>
        <line num="553" count="0" type="stmt"/>
        <line num="554" count="0" type="stmt"/>
        <line num="555" count="0" type="stmt"/>
        <line num="556" count="0" type="stmt"/>
        <line num="558" count="0" type="stmt"/>
        <line num="559" count="0" type="stmt"/>
        <line num="560" count="0" type="stmt"/>
        <line num="561" count="0" type="stmt"/>
        <line num="562" count="0" type="stmt"/>
        <line num="563" count="0" type="stmt"/>
        <line num="564" count="0" type="stmt"/>
        <line num="566" count="0" type="stmt"/>
        <line num="568" count="0" type="stmt"/>
        <line num="569" count="0" type="stmt"/>
        <line num="570" count="0" type="stmt"/>
        <line num="571" count="0" type="stmt"/>
        <line num="572" count="0" type="stmt"/>
        <line num="573" count="0" type="stmt"/>
        <line num="575" count="0" type="stmt"/>
        <line num="576" count="1" type="stmt"/>
        <line num="579" count="1" type="stmt"/>
        <line num="580" count="0" type="stmt"/>
        <line num="582" count="0" type="stmt"/>
        <line num="583" count="0" type="stmt"/>
        <line num="584" count="0" type="stmt"/>
        <line num="585" count="0" type="stmt"/>
        <line num="586" count="0" type="stmt"/>
        <line num="587" count="0" type="stmt"/>
        <line num="589" count="0" type="stmt"/>
        <line num="590" count="0" type="stmt"/>
        <line num="591" count="0" type="stmt"/>
        <line num="592" count="0" type="stmt"/>
        <line num="593" count="0" type="stmt"/>
        <line num="594" count="0" type="stmt"/>
        <line num="595" count="0" type="stmt"/>
        <line num="597" count="0" type="stmt"/>
        <line num="598" count="0" type="stmt"/>
        <line num="600" count="0" type="stmt"/>
        <line num="601" count="0" type="stmt"/>
        <line num="602" count="0" type="stmt"/>
        <line num="603" count="0" type="stmt"/>
        <line num="604" count="0" type="stmt"/>
        <line num="606" count="0" type="stmt"/>
        <line num="607" count="1" type="stmt"/>
        <line num="610" count="1" type="stmt"/>
        <line num="611" count="0" type="stmt"/>
        <line num="613" count="0" type="stmt"/>
        <line num="614" count="0" type="stmt"/>
        <line num="615" count="0" type="stmt"/>
        <line num="616" count="0" type="stmt"/>
        <line num="617" count="0" type="stmt"/>
        <line num="618" count="0" type="stmt"/>
        <line num="620" count="0" type="stmt"/>
        <line num="621" count="0" type="stmt"/>
        <line num="622" count="0" type="stmt"/>
        <line num="623" count="0" type="stmt"/>
        <line num="624" count="0" type="stmt"/>
        <line num="625" count="0" type="stmt"/>
        <line num="626" count="0" type="stmt"/>
        <line num="628" count="0" type="stmt"/>
        <line num="629" count="1" type="stmt"/>
        <line num="632" count="1" type="cond" truecount="1" falsecount="0"/>
        <line num="633" count="4" type="stmt"/>
        <line num="634" count="4" type="cond" truecount="1" falsecount="0"/>
        <line num="635" count="2" type="stmt"/>
        <line num="636" count="2" type="stmt"/>
        <line num="638" count="2" type="stmt"/>
        <line num="639" count="4" type="cond" truecount="0" falsecount="1"/>
        <line num="640" count="0" type="stmt"/>
        <line num="641" count="0" type="cond" truecount="1" falsecount="0"/>
        <line num="643" count="2" type="stmt"/>
        <line num="644" count="1" type="stmt"/>
        <line num="647" count="1" type="cond" truecount="1" falsecount="0"/>
        <line num="648" count="4" type="stmt"/>
        <line num="649" count="4" type="cond" truecount="0" falsecount="1"/>
        <line num="650" count="0" type="stmt"/>
        <line num="651" count="0" type="stmt"/>
        <line num="653" count="4" type="stmt"/>
        <line num="654" count="4" type="cond" truecount="0" falsecount="1"/>
        <line num="655" count="0" type="stmt"/>
        <line num="656" count="0" type="stmt"/>
        <line num="658" count="4" type="stmt"/>
        <line num="661" count="4" type="cond" truecount="2" falsecount="0"/>
        <line num="662" count="2" type="cond" truecount="1" falsecount="0"/>
        <line num="663" count="3" type="cond" truecount="1" falsecount="0"/>
        <line num="664" count="2" type="stmt"/>
        <line num="665" count="2" type="cond" truecount="1" falsecount="0"/>
        <line num="666" count="1" type="stmt"/>
        <line num="667" count="1" type="stmt"/>
        <line num="668" count="2" type="cond" truecount="1" falsecount="0"/>
        <line num="670" count="4" type="cond" truecount="2" falsecount="0"/>
        <line num="671" count="2" type="cond" truecount="1" falsecount="0"/>
        <line num="672" count="3" type="cond" truecount="1" falsecount="0"/>
        <line num="673" count="2" type="stmt"/>
        <line num="674" count="2" type="cond" truecount="1" falsecount="0"/>
        <line num="675" count="1" type="stmt"/>
        <line num="676" count="1" type="stmt"/>
        <line num="677" count="2" type="stmt"/>
        <line num="680" count="2" type="stmt"/>
        <line num="681" count="2" type="stmt"/>
        <line num="682" count="2" type="stmt"/>
        <line num="683" count="2" type="stmt"/>
        <line num="684" count="2" type="stmt"/>
        <line num="685" count="2" type="stmt"/>
        <line num="686" count="2" type="stmt"/>
        <line num="687" count="2" type="stmt"/>
        <line num="688" count="2" type="stmt"/>
        <line num="689" count="2" type="stmt"/>
        <line num="691" count="2" type="stmt"/>
        <line num="692" count="2" type="stmt"/>
        <line num="693" count="1" type="stmt"/>
        <line num="696" count="1" type="cond" truecount="1" falsecount="0"/>
        <line num="697" count="1" type="stmt"/>
        <line num="699" count="1" type="cond" truecount="0" falsecount="1"/>
        <line num="700" count="0" type="stmt"/>
        <line num="701" count="0" type="stmt"/>
        <line num="702" count="0" type="stmt"/>
        <line num="703" count="0" type="stmt"/>
        <line num="704" count="0" type="stmt"/>
        <line num="706" count="1" type="stmt"/>
        <line num="707" count="1" type="cond" truecount="0" falsecount="1"/>
        <line num="708" count="0" type="stmt"/>
        <line num="709" count="0" type="stmt"/>
        <line num="710" count="0" type="stmt"/>
        <line num="711" count="0" type="stmt"/>
        <line num="712" count="0" type="stmt"/>
        <line num="714" count="1" type="stmt"/>
        <line num="717" count="1" type="stmt"/>
        <line num="718" count="1" type="stmt"/>
        <line num="719" count="1" type="stmt"/>
        <line num="720" count="1" type="cond" truecount="0" falsecount="1"/>
        <line num="721" count="1" type="stmt"/>
        <line num="722" count="1" type="stmt"/>
        <line num="724" count="1" type="stmt"/>
        <line num="725" count="1" type="stmt"/>
        <line num="727" count="1" type="stmt"/>
        <line num="729" count="1" type="stmt"/>
        <line num="730" count="1" type="stmt"/>
        <line num="731" count="1" type="stmt"/>
        <line num="732" count="1" type="stmt"/>
        <line num="733" count="1" type="stmt"/>
        <line num="734" count="1" type="stmt"/>
        <line num="735" count="1" type="stmt"/>
        <line num="736" count="1" type="stmt"/>
        <line num="739" count="1" type="cond" truecount="1" falsecount="0"/>
        <line num="740" count="3" type="stmt"/>
        <line num="741" count="3" type="cond" truecount="0" falsecount="1"/>
        <line num="742" count="0" type="stmt"/>
        <line num="743" count="0" type="stmt"/>
        <line num="745" count="3" type="stmt"/>
        <line num="746" count="3" type="cond" truecount="0" falsecount="1"/>
        <line num="747" count="0" type="stmt"/>
        <line num="748" count="0" type="stmt"/>
        <line num="750" count="3" type="stmt"/>
        <line num="751" count="3" type="stmt"/>
        <line num="753" count="3" type="cond" truecount="1" falsecount="0"/>
        <line num="754" count="1" type="stmt"/>
        <line num="755" count="1" type="cond" truecount="1" falsecount="0"/>
        <line num="758" count="3" type="cond" truecount="2" falsecount="0"/>
        <line num="759" count="1" type="stmt"/>
        <line num="760" count="1" type="stmt"/>
        <line num="762" count="1" type="stmt"/>
        <line num="763" count="1" type="stmt"/>
        <line num="766" count="1" type="cond" truecount="1" falsecount="0"/>
        <line num="767" count="3" type="stmt"/>
        <line num="768" count="3" type="cond" truecount="0" falsecount="1"/>
        <line num="769" count="0" type="stmt"/>
        <line num="770" count="0" type="stmt"/>
        <line num="772" count="3" type="stmt"/>
        <line num="773" count="3" type="cond" truecount="0" falsecount="1"/>
        <line num="774" count="0" type="stmt"/>
        <line num="775" count="0" type="stmt"/>
        <line num="777" count="3" type="stmt"/>
        <line num="778" count="3" type="stmt"/>
        <line num="780" count="3" type="cond" truecount="1" falsecount="0"/>
        <line num="781" count="1" type="stmt"/>
        <line num="782" count="1" type="cond" truecount="1" falsecount="0"/>
        <line num="785" count="3" type="cond" truecount="2" falsecount="0"/>
        <line num="786" count="1" type="stmt"/>
        <line num="787" count="1" type="stmt"/>
        <line num="789" count="1" type="stmt"/>
        <line num="792" count="3" type="cond" truecount="1" falsecount="0"/>
        <line num="793" count="1" type="cond" truecount="1" falsecount="0"/>
        <line num="794" count="1" type="cond" truecount="0" falsecount="1"/>
        <line num="795" count="1" type="stmt"/>
        <line num="796" count="1" type="cond" truecount="0" falsecount="1"/>
        <line num="797" count="0" type="stmt"/>
        <line num="798" count="0" type="stmt"/>
        <line num="799" count="1" type="stmt"/>
        <line num="801" count="3" type="cond" truecount="1" falsecount="0"/>
        <line num="802" count="1" type="cond" truecount="1" falsecount="0"/>
        <line num="803" count="1" type="cond" truecount="0" falsecount="1"/>
        <line num="804" count="1" type="stmt"/>
        <line num="805" count="1" type="cond" truecount="0" falsecount="1"/>
        <line num="806" count="0" type="stmt"/>
        <line num="807" count="0" type="stmt"/>
        <line num="808" count="1" type="stmt"/>
        <line num="811" count="1" type="stmt"/>
        <line num="812" count="1" type="stmt"/>
        <line num="813" count="1" type="stmt"/>
        <line num="814" count="1" type="stmt"/>
        <line num="815" count="1" type="stmt"/>
        <line num="816" count="1" type="stmt"/>
        <line num="817" count="1" type="stmt"/>
        <line num="818" count="1" type="stmt"/>
        <line num="819" count="1" type="stmt"/>
        <line num="820" count="1" type="stmt"/>
        <line num="822" count="1" type="stmt"/>
        <line num="823" count="1" type="stmt"/>
        <line num="824" count="1" type="stmt"/>
        <line num="827" count="1" type="cond" truecount="1" falsecount="0"/>
        <line num="828" count="3" type="stmt"/>
        <line num="829" count="3" type="cond" truecount="0" falsecount="1"/>
        <line num="830" count="0" type="stmt"/>
        <line num="831" count="0" type="stmt"/>
        <line num="833" count="3" type="stmt"/>
        <line num="834" count="3" type="cond" truecount="0" falsecount="1"/>
        <line num="835" count="0" type="stmt"/>
        <line num="836" count="0" type="stmt"/>
        <line num="838" count="3" type="stmt"/>
        <line num="839" count="3" type="stmt"/>
        <line num="841" count="3" type="cond" truecount="1" falsecount="0"/>
        <line num="842" count="1" type="stmt"/>
        <line num="843" count="1" type="cond" truecount="1" falsecount="0"/>
        <line num="846" count="3" type="cond" truecount="1" falsecount="0"/>
        <line num="847" count="1" type="stmt"/>
        <line num="848" count="1" type="stmt"/>
        <line num="850" count="1" type="stmt"/>
        <line num="851" count="1" type="stmt"/>
        <line num="852" count="1" type="stmt"/>
        <line num="853" count="1" type="stmt"/>
      </file>
      <file name="server.ts" path="/home/jleyva/Documents/Java/Job-Application-Tracker/frontend/src/test/mocks/server.ts">
        <metrics statements="7" coveredstatements="4" conditionals="0" coveredconditionals="0" methods="0" coveredmethods="0"/>
        <line num="1" count="1" type="stmt"/>
        <line num="4" count="1" type="stmt"/>
        <line num="6" count="1" type="stmt"/>
        <line num="9" count="1" type="stmt"/>
        <line num="10" count="0" type="stmt"/>
        <line num="11" count="0" type="stmt"/>
        <line num="12" count="0" type="stmt"/>
      </file>
    </package>
    <package name="frontend.src.theme">
      <metrics statements="80" coveredstatements="77" conditionals="9" coveredconditionals="7" methods="3" coveredmethods="3"/>
      <file name="ThemeContext.tsx" path="/home/jleyva/Documents/Java/Job-Application-Tracker/frontend/src/theme/ThemeContext.tsx">
        <metrics statements="27" coveredstatements="26" conditionals="7" coveredconditionals="6" methods="2" coveredmethods="2"/>
        <line num="1" count="1" type="stmt"/>
        <line num="5" count="1" type="cond" truecount="1" falsecount="0"/>
        <line num="6" count="19" type="cond" truecount="1" falsecount="0"/>
        <line num="7" count="17" type="stmt"/>
        <line num="8" count="17" type="stmt"/>
        <line num="9" count="17" type="stmt"/>
        <line num="10" count="17" type="cond" truecount="0" falsecount="1"/>
        <line num="11" count="0" type="stmt"/>
        <line num="12" count="19" type="stmt"/>
        <line num="14" count="19" type="cond" truecount="1" falsecount="0"/>
        <line num="15" count="19" type="stmt"/>
        <line num="16" count="19" type="cond" truecount="1" falsecount="0"/>
        <line num="17" count="1" type="stmt"/>
        <line num="18" count="1" type="stmt"/>
        <line num="19" count="19" type="cond" truecount="1" falsecount="0"/>
        <line num="20" count="18" type="stmt"/>
        <line num="21" count="18" type="stmt"/>
        <line num="22" count="18" type="stmt"/>
        <line num="23" count="19" type="stmt"/>
        <line num="25" count="19" type="cond" truecount="1" falsecount="0"/>
        <line num="26" count="2" type="stmt"/>
        <line num="27" count="2" type="stmt"/>
        <line num="29" count="19" type="stmt"/>
        <line num="30" count="19" type="stmt"/>
        <line num="31" count="19" type="stmt"/>
        <line num="32" count="19" type="stmt"/>
        <line num="34" count="19" type="stmt"/>
      </file>
      <file name="context.ts" path="/home/jleyva/Documents/Java/Job-Application-Tracker/frontend/src/theme/context.ts">
        <metrics statements="2" coveredstatements="2" conditionals="0" coveredconditionals="0" methods="0" coveredmethods="0"/>
        <line num="1" count="1" type="stmt"/>
        <line num="10" count="1" type="stmt"/>
      </file>
      <file name="theme.ts" path="/home/jleyva/Documents/Java/Job-Application-Tracker/frontend/src/theme/theme.ts">
        <metrics statements="43" coveredstatements="43" conditionals="0" coveredconditionals="0" methods="0" coveredmethods="0"/>
        <line num="1" count="1" type="stmt"/>
        <line num="2" count="1" type="stmt"/>
        <line num="3" count="1" type="stmt"/>
        <line num="4" count="1" type="stmt"/>
        <line num="5" count="1" type="stmt"/>
        <line num="6" count="1" type="stmt"/>
        <line num="7" count="1" type="stmt"/>
        <line num="8" count="1" type="stmt"/>
        <line num="9" count="1" type="stmt"/>
        <line num="10" count="1" type="stmt"/>
        <line num="11" count="1" type="stmt"/>
        <line num="12" count="1" type="stmt"/>
        <line num="13" count="1" type="stmt"/>
        <line num="14" count="1" type="stmt"/>
        <line num="15" count="1" type="stmt"/>
        <line num="16" count="1" type="stmt"/>
        <line num="17" count="1" type="stmt"/>
        <line num="18" count="1" type="stmt"/>
        <line num="19" count="1" type="stmt"/>
        <line num="20" count="1" type="stmt"/>
        <line num="21" count="1" type="stmt"/>
        <line num="22" count="1" type="stmt"/>
        <line num="23" count="1" type="stmt"/>
        <line num="24" count="1" type="stmt"/>
        <line num="25" count="1" type="stmt"/>
        <line num="26" count="1" type="stmt"/>
        <line num="27" count="1" type="stmt"/>
        <line num="28" count="1" type="stmt"/>
        <line num="29" count="1" type="stmt"/>
        <line num="30" count="1" type="stmt"/>
        <line num="31" count="1" type="stmt"/>
        <line num="32" count="1" type="stmt"/>
        <line num="33" count="1" type="stmt"/>
        <line num="34" count="1" type="stmt"/>
        <line num="35" count="1" type="stmt"/>
        <line num="36" count="1" type="stmt"/>
        <line num="37" count="1" type="stmt"/>
        <line num="38" count="1" type="stmt"/>
        <line num="39" count="1" type="stmt"/>
        <line num="40" count="1" type="stmt"/>
        <line num="41" count="1" type="stmt"/>
        <line num="42" count="1" type="stmt"/>
        <line num="43" count="1" type="stmt"/>
      </file>
      <file name="useTheme.ts" path="/home/jleyva/Documents/Java/Job-Application-Tracker/frontend/src/theme/useTheme.ts">
        <metrics statements="8" coveredstatements="6" conditionals="2" coveredconditionals="1" methods="1" coveredmethods="1"/>
        <line num="1" count="1" type="stmt"/>
        <line num="4" count="1" type="cond" truecount="1" falsecount="0"/>
        <line num="5" count="19" type="stmt"/>
        <line num="6" count="19" type="cond" truecount="0" falsecount="1"/>
        <line num="7" count="0" type="stmt"/>
        <line num="8" count="0" type="stmt"/>
        <line num="9" count="19" type="stmt"/>
        <line num="10" count="19" type="stmt"/>
      </file>
    </package>
  </project>
</coverage>
